2021-07-07 16:05:47,790:INFO:PyCaret Supervised Module
2021-07-07 16:05:47,792:INFO:ML Usecase: classification
2021-07-07 16:05:47,792:INFO:version 2.2.3
2021-07-07 16:05:47,793:INFO:Initializing setup()
2021-07-07 16:05:47,795:INFO:setup(target=customer_happiness_index, ml_usecase=classification, available_plots={'parameter': 'Hyperparameters', 'auc': 'AUC', 'confusion_matrix': 'Confusion Matrix', 'threshold': 'Threshold', 'pr': 'Precision Recall', 'error': 'Prediction Error', 'class_report': 'Class Report', 'rfe': 'Feature Selection', 'learning': 'Learning Curve', 'manifold': 'Manifold Learning', 'calibration': 'Calibration Curve', 'vc': 'Validation Curve', 'dimension': 'Dimensions', 'feature': 'Feature Importance', 'feature_all': 'Feature Importance (All)', 'boundary': 'Decision Boundary', 'lift': 'Lift Chart', 'gain': 'Gain Chart', 'tree': 'Decision Tree'}, train_size=0.7, test_data=None, preprocess=True, imputation_type=simple, iterative_imputation_iters=5, categorical_features=None, categorical_imputation=constant, categorical_iterative_imputer=lightgbm, ordinal_features=None, high_cardinality_features=None, high_cardinality_method=frequency, numeric_features=None, numeric_imputation=mean, numeric_iterative_imputer=lightgbm, date_features=None, ignore_features=None, normalize=False, normalize_method=zscore, transformation=False, transformation_method=yeo-johnson, handle_unknown_categorical=True, unknown_categorical_method=least_frequent, pca=False, pca_method=linear, pca_components=None, ignore_low_variance=False, combine_rare_levels=False, rare_level_threshold=0.1, bin_numeric_features=None, remove_outliers=False, outliers_threshold=0.05, remove_multicollinearity=False, multicollinearity_threshold=0.9, remove_perfect_collinearity=True, create_clusters=False, cluster_iter=20, polynomial_features=False, polynomial_degree=2, trigonometry_features=False, polynomial_threshold=0.1, group_features=None, group_names=None, feature_selection=False, feature_selection_threshold=0.8, feature_selection_method=classic, feature_interaction=False, feature_ratio=False, interaction_threshold=0.01, fix_imbalance=False, fix_imbalance_method=None, transform_target=False, transform_target_method=box-cox, data_split_shuffle=True, data_split_stratify=False, fold_strategy=stratifiedkfold, fold=10, fold_shuffle=False, fold_groups=None, n_jobs=-1, use_gpu=False, custom_pipeline=None, html=False, session_id=None, log_experiment=False, experiment_name=None, log_plots=False, log_profile=False, log_data=False, silent=True, verbose=False, profile=False, profile_kwargs=None, display=None)
2021-07-07 16:05:47,796:INFO:Checking environment
2021-07-07 16:05:47,797:INFO:python_version: 3.8.3
2021-07-07 16:05:47,797:INFO:python_build: ('default', 'Jul  2 2020 17:30:36')
2021-07-07 16:05:47,797:INFO:machine: AMD64
2021-07-07 16:05:47,798:INFO:platform: Windows-10-10.0.19041-SP0
2021-07-07 16:05:47,798:INFO:Memory: svmem(total=8468348928, available=1582239744, percent=81.3, used=6886109184, free=1582239744)
2021-07-07 16:05:47,799:INFO:Physical Core: 4
2021-07-07 16:05:47,799:INFO:Logical Core: 8
2021-07-07 16:05:47,799:INFO:Checking libraries
2021-07-07 16:05:47,799:INFO:pd==1.0.5
2021-07-07 16:05:47,799:INFO:numpy==1.19.5
2021-07-07 16:05:47,799:INFO:sklearn==0.23.2
2021-07-07 16:05:47,872:INFO:xgboost==1.4.0
2021-07-07 16:05:47,872:INFO:lightgbm==3.2.1
2021-07-07 16:05:47,903:INFO:catboost==0.26
2021-07-07 16:05:49,632:INFO:mlflow==1.7.0
2021-07-07 16:05:49,633:INFO:Checking Exceptions
2021-07-07 16:05:49,633:INFO:Declaring global variables
2021-07-07 16:05:49,634:INFO:USI: 054f
2021-07-07 16:05:49,634:INFO:pycaret_globals: {'pycaret_globals', 'iterative_imputation_iters_param', 'logging_param', '_internal_pipeline', 'USI', '_available_plots', '_ml_usecase', 'y_test', 'experiment__', '_all_models', 'fold_generator', 'imputation_classifier', 'fix_imbalance_method_param', 'X_train', 'n_jobs_param', 'X', 'X_test', 'log_plots_param', 'create_model_container', 'transform_target_method_param', 'imputation_regressor', 'y', '_gpu_n_jobs_param', 'transform_target_param', 'fold_param', 'fix_imbalance_param', 'gpu_param', 'y_train', 'seed', 'fold_shuffle_param', 'stratify_param', 'display_container', 'exp_name_log', 'html_param', 'master_model_container', 'fold_groups_param', '_all_metrics', 'data_before_preprocess', '_all_models_internal', 'target_param', 'prep_pipe'}
2021-07-07 16:05:49,634:INFO:Preparing display monitor
2021-07-07 16:05:49,634:INFO:Importing libraries
2021-07-07 16:05:49,635:INFO:Copying data for preprocessing
2021-07-07 16:05:49,635:INFO:Declaring preprocessing parameters
2021-07-07 16:05:49,637:INFO:Creating preprocessing pipeline
2021-07-07 16:05:49,651:INFO:Preprocessing pipeline created successfully
2021-07-07 16:05:49,652:ERROR:(Process Exit): setup has been interupted with user command 'quit'. setup must rerun.
2021-07-07 16:05:49,652:INFO:Creating global containers
2021-07-07 16:05:49,653:INFO:Internal pipeline: Pipeline(memory=None, steps=[('empty_step', 'passthrough')], verbose=False)
2021-07-07 16:05:50,415:INFO:Creating grid variables
2021-07-07 16:05:50,417:INFO:create_model_container: 0
2021-07-07 16:05:50,417:INFO:master_model_container: 0
2021-07-07 16:05:50,418:INFO:display_container: 1
2021-07-07 16:05:50,424:INFO:Pipeline(memory=None,
         steps=[('dtypes',
                 DataTypes_Auto_infer(categorical_features=[],
                                      display_types=False, features_todrop=[],
                                      id_columns=[],
                                      ml_usecase='classification',
                                      numerical_features=[],
                                      target='customer_happiness_index',
                                      time_features=[])),
                ('imputer',
                 Simple_Imputer(categorical_strategy='not_available',
                                fill_value_categorical=None,
                                fill_value_numerical...
                ('binn', 'passthrough'), ('rem_outliers', 'passthrough'),
                ('cluster_all', 'passthrough'),
                ('dummy', Dummify(target='customer_happiness_index')),
                ('fix_perfect', Remove_100(target='customer_happiness_index')),
                ('clean_names', Clean_Colum_Names()),
                ('feature_select', 'passthrough'), ('fix_multi', 'passthrough'),
                ('dfs', 'passthrough'), ('pca', 'passthrough')],
         verbose=False)
2021-07-07 16:05:50,425:INFO:setup() succesfully completed......................................
2021-07-07 16:05:50,580:INFO:Initializing compare_models()
2021-07-07 16:05:50,580:INFO:compare_models(include=None, fold=None, round=4, cross_validation=True, sort=Accuracy, n_select=1, budget_time=None, turbo=True, errors=ignore, fit_kwargs=None, groups=None, verbose=True, display=None, exclude=None)
2021-07-07 16:05:50,580:INFO:Checking exceptions
2021-07-07 16:05:50,582:INFO:Preparing display monitor
2021-07-07 16:05:50,582:INFO:Preparing display monitor
2021-07-07 16:05:50,585:INFO:Initializing Logistic Regression
2021-07-07 16:05:50,585:INFO:Total runtime is 0.0 minutes
2021-07-07 16:05:50,585:INFO:SubProcess create_model() called ==================================
2021-07-07 16:05:50,586:INFO:Initializing create_model()
2021-07-07 16:05:50,586:INFO:create_model(estimator=lr, fold=StratifiedKFold(n_splits=10, random_state=1787, shuffle=False), round=4, cross_validation=True, predict=True, fit_kwargs={}, groups=None, refit=False, verbose=False, system=False, metrics=None, display=<pycaret.internal.Display.Display object at 0x0000025D7CFF0580>, kwargs={})
2021-07-07 16:05:50,586:INFO:Checking exceptions
2021-07-07 16:05:50,586:INFO:Importing libraries
2021-07-07 16:05:50,587:INFO:Copying training dataset
2021-07-07 16:05:50,589:INFO:Defining folds
2021-07-07 16:05:50,589:INFO:Declaring metric variables
2021-07-07 16:05:50,589:INFO:Importing untrained model
2021-07-07 16:05:50,593:INFO:Logistic Regression Imported succesfully
2021-07-07 16:05:50,593:INFO:Starting cross validation
2021-07-07 16:05:50,597:INFO:Cross validating with StratifiedKFold(n_splits=10, random_state=1787, shuffle=False), n_jobs=-1
2021-07-07 16:06:13,804:INFO:Calculating mean and std
2021-07-07 16:06:13,805:INFO:Creating metrics dataframe
2021-07-07 16:06:13,808:INFO:Uploading results into container
2021-07-07 16:06:13,808:INFO:Uploading model into container now
2021-07-07 16:06:13,808:INFO:create_model_container: 1
2021-07-07 16:06:13,808:INFO:master_model_container: 1
2021-07-07 16:06:13,809:INFO:display_container: 2
2021-07-07 16:06:13,809:INFO:LogisticRegression(C=1.0, class_weight=None, dual=False, fit_intercept=True,
                   intercept_scaling=1, l1_ratio=None, max_iter=1000,
                   multi_class='auto', n_jobs=None, penalty='l2',
                   random_state=1787, solver='lbfgs', tol=0.0001, verbose=0,
                   warm_start=False)
2021-07-07 16:06:13,809:INFO:create_model() succesfully completed......................................
2021-07-07 16:06:13,970:INFO:SubProcess create_model() end ==================================
2021-07-07 16:06:13,970:INFO:Creating metrics dataframe
2021-07-07 16:06:13,991:INFO:Initializing K Neighbors Classifier
2021-07-07 16:06:13,991:INFO:Total runtime is 0.3901074727376302 minutes
2021-07-07 16:06:13,991:INFO:SubProcess create_model() called ==================================
2021-07-07 16:06:13,992:INFO:Initializing create_model()
2021-07-07 16:06:13,992:INFO:create_model(estimator=knn, fold=StratifiedKFold(n_splits=10, random_state=1787, shuffle=False), round=4, cross_validation=True, predict=True, fit_kwargs={}, groups=None, refit=False, verbose=False, system=False, metrics=None, display=<pycaret.internal.Display.Display object at 0x0000025D7CFF0580>, kwargs={})
2021-07-07 16:06:13,992:INFO:Checking exceptions
2021-07-07 16:06:13,992:INFO:Importing libraries
2021-07-07 16:06:13,992:INFO:Copying training dataset
2021-07-07 16:06:13,992:INFO:Defining folds
2021-07-07 16:06:13,992:INFO:Declaring metric variables
2021-07-07 16:06:13,992:INFO:Importing untrained model
2021-07-07 16:06:13,993:INFO:K Neighbors Classifier Imported succesfully
2021-07-07 16:06:13,993:INFO:Starting cross validation
2021-07-07 16:06:13,994:INFO:Cross validating with StratifiedKFold(n_splits=10, random_state=1787, shuffle=False), n_jobs=-1
2021-07-07 16:06:14,469:INFO:Calculating mean and std
2021-07-07 16:06:14,470:INFO:Creating metrics dataframe
2021-07-07 16:06:14,475:INFO:Uploading results into container
2021-07-07 16:06:14,475:INFO:Uploading model into container now
2021-07-07 16:06:14,475:INFO:create_model_container: 2
2021-07-07 16:06:14,475:INFO:master_model_container: 2
2021-07-07 16:06:14,475:INFO:display_container: 2
2021-07-07 16:06:14,475:INFO:KNeighborsClassifier(algorithm='auto', leaf_size=30, metric='minkowski',
                     metric_params=None, n_jobs=-1, n_neighbors=5, p=2,
                     weights='uniform')
2021-07-07 16:06:14,475:INFO:create_model() succesfully completed......................................
2021-07-07 16:06:14,577:INFO:SubProcess create_model() end ==================================
2021-07-07 16:06:14,578:INFO:Creating metrics dataframe
2021-07-07 16:06:14,621:INFO:Initializing Naive Bayes
2021-07-07 16:06:14,621:INFO:Total runtime is 0.40059605439503987 minutes
2021-07-07 16:06:14,622:INFO:SubProcess create_model() called ==================================
2021-07-07 16:06:14,623:INFO:Initializing create_model()
2021-07-07 16:06:14,623:INFO:create_model(estimator=nb, fold=StratifiedKFold(n_splits=10, random_state=1787, shuffle=False), round=4, cross_validation=True, predict=True, fit_kwargs={}, groups=None, refit=False, verbose=False, system=False, metrics=None, display=<pycaret.internal.Display.Display object at 0x0000025D7CFF0580>, kwargs={})
2021-07-07 16:06:14,624:INFO:Checking exceptions
2021-07-07 16:06:14,624:INFO:Importing libraries
2021-07-07 16:06:14,624:INFO:Copying training dataset
2021-07-07 16:06:14,625:INFO:Defining folds
2021-07-07 16:06:14,625:INFO:Declaring metric variables
2021-07-07 16:06:14,626:INFO:Importing untrained model
2021-07-07 16:06:14,626:INFO:Naive Bayes Imported succesfully
2021-07-07 16:06:14,626:INFO:Starting cross validation
2021-07-07 16:06:14,627:INFO:Cross validating with StratifiedKFold(n_splits=10, random_state=1787, shuffle=False), n_jobs=-1
2021-07-07 16:06:14,791:INFO:Calculating mean and std
2021-07-07 16:06:14,791:INFO:Creating metrics dataframe
2021-07-07 16:06:14,798:INFO:Uploading results into container
2021-07-07 16:06:14,799:INFO:Uploading model into container now
2021-07-07 16:06:14,799:INFO:create_model_container: 3
2021-07-07 16:06:14,799:INFO:master_model_container: 3
2021-07-07 16:06:14,799:INFO:display_container: 2
2021-07-07 16:06:14,800:INFO:GaussianNB(priors=None, var_smoothing=1e-09)
2021-07-07 16:06:14,800:INFO:create_model() succesfully completed......................................
2021-07-07 16:06:14,941:INFO:SubProcess create_model() end ==================================
2021-07-07 16:06:14,941:INFO:Creating metrics dataframe
2021-07-07 16:06:14,965:INFO:Initializing Decision Tree Classifier
2021-07-07 16:06:14,965:INFO:Total runtime is 0.4063413063685099 minutes
2021-07-07 16:06:14,966:INFO:SubProcess create_model() called ==================================
2021-07-07 16:06:14,966:INFO:Initializing create_model()
2021-07-07 16:06:14,966:INFO:create_model(estimator=dt, fold=StratifiedKFold(n_splits=10, random_state=1787, shuffle=False), round=4, cross_validation=True, predict=True, fit_kwargs={}, groups=None, refit=False, verbose=False, system=False, metrics=None, display=<pycaret.internal.Display.Display object at 0x0000025D7CFF0580>, kwargs={})
2021-07-07 16:06:14,966:INFO:Checking exceptions
2021-07-07 16:06:14,967:INFO:Importing libraries
2021-07-07 16:06:14,967:INFO:Copying training dataset
2021-07-07 16:06:14,967:INFO:Defining folds
2021-07-07 16:06:14,968:INFO:Declaring metric variables
2021-07-07 16:06:14,968:INFO:Importing untrained model
2021-07-07 16:06:14,968:INFO:Decision Tree Classifier Imported succesfully
2021-07-07 16:06:14,968:INFO:Starting cross validation
2021-07-07 16:06:14,969:INFO:Cross validating with StratifiedKFold(n_splits=10, random_state=1787, shuffle=False), n_jobs=-1
2021-07-07 16:06:15,107:INFO:Calculating mean and std
2021-07-07 16:06:15,108:INFO:Creating metrics dataframe
2021-07-07 16:06:15,117:INFO:Uploading results into container
2021-07-07 16:06:15,117:INFO:Uploading model into container now
2021-07-07 16:06:15,117:INFO:create_model_container: 4
2021-07-07 16:06:15,118:INFO:master_model_container: 4
2021-07-07 16:06:15,118:INFO:display_container: 2
2021-07-07 16:06:15,118:INFO:DecisionTreeClassifier(ccp_alpha=0.0, class_weight=None, criterion='gini',
                       max_depth=None, max_features=None, max_leaf_nodes=None,
                       min_impurity_decrease=0.0, min_impurity_split=None,
                       min_samples_leaf=1, min_samples_split=2,
                       min_weight_fraction_leaf=0.0, presort='deprecated',
                       random_state=1787, splitter='best')
2021-07-07 16:06:15,118:INFO:create_model() succesfully completed......................................
2021-07-07 16:06:15,238:INFO:SubProcess create_model() end ==================================
2021-07-07 16:06:15,238:INFO:Creating metrics dataframe
2021-07-07 16:06:15,270:INFO:Initializing SVM - Linear Kernel
2021-07-07 16:06:15,270:INFO:Total runtime is 0.41141151189804076 minutes
2021-07-07 16:06:15,270:INFO:SubProcess create_model() called ==================================
2021-07-07 16:06:15,271:INFO:Initializing create_model()
2021-07-07 16:06:15,271:INFO:create_model(estimator=svm, fold=StratifiedKFold(n_splits=10, random_state=1787, shuffle=False), round=4, cross_validation=True, predict=True, fit_kwargs={}, groups=None, refit=False, verbose=False, system=False, metrics=None, display=<pycaret.internal.Display.Display object at 0x0000025D7CFF0580>, kwargs={})
2021-07-07 16:06:15,271:INFO:Checking exceptions
2021-07-07 16:06:15,271:INFO:Importing libraries
2021-07-07 16:06:15,271:INFO:Copying training dataset
2021-07-07 16:06:15,272:INFO:Defining folds
2021-07-07 16:06:15,272:INFO:Declaring metric variables
2021-07-07 16:06:15,272:INFO:Importing untrained model
2021-07-07 16:06:15,273:INFO:SVM - Linear Kernel Imported succesfully
2021-07-07 16:06:15,273:INFO:Starting cross validation
2021-07-07 16:06:15,275:INFO:Cross validating with StratifiedKFold(n_splits=10, random_state=1787, shuffle=False), n_jobs=-1
2021-07-07 16:06:15,636:INFO:Calculating mean and std
2021-07-07 16:06:15,637:INFO:Creating metrics dataframe
2021-07-07 16:06:15,649:INFO:Uploading results into container
2021-07-07 16:06:15,650:INFO:Uploading model into container now
2021-07-07 16:06:15,651:INFO:create_model_container: 5
2021-07-07 16:06:15,651:INFO:master_model_container: 5
2021-07-07 16:06:15,651:INFO:display_container: 2
2021-07-07 16:06:15,652:INFO:SGDClassifier(alpha=0.0001, average=False, class_weight=None,
              early_stopping=False, epsilon=0.1, eta0=0.001, fit_intercept=True,
              l1_ratio=0.15, learning_rate='optimal', loss='hinge',
              max_iter=1000, n_iter_no_change=5, n_jobs=-1, penalty='l2',
              power_t=0.5, random_state=1787, shuffle=True, tol=0.001,
              validation_fraction=0.1, verbose=0, warm_start=False)
2021-07-07 16:06:15,652:INFO:create_model() succesfully completed......................................
2021-07-07 16:06:15,804:INFO:SubProcess create_model() end ==================================
2021-07-07 16:06:15,804:INFO:Creating metrics dataframe
2021-07-07 16:06:15,824:INFO:Initializing Ridge Classifier
2021-07-07 16:06:15,825:INFO:Total runtime is 0.4206715663274129 minutes
2021-07-07 16:06:15,825:INFO:SubProcess create_model() called ==================================
2021-07-07 16:06:15,825:INFO:Initializing create_model()
2021-07-07 16:06:15,825:INFO:create_model(estimator=ridge, fold=StratifiedKFold(n_splits=10, random_state=1787, shuffle=False), round=4, cross_validation=True, predict=True, fit_kwargs={}, groups=None, refit=False, verbose=False, system=False, metrics=None, display=<pycaret.internal.Display.Display object at 0x0000025D7CFF0580>, kwargs={})
2021-07-07 16:06:15,825:INFO:Checking exceptions
2021-07-07 16:06:15,825:INFO:Importing libraries
2021-07-07 16:06:15,825:INFO:Copying training dataset
2021-07-07 16:06:15,826:INFO:Defining folds
2021-07-07 16:06:15,826:INFO:Declaring metric variables
2021-07-07 16:06:15,826:INFO:Importing untrained model
2021-07-07 16:06:15,826:INFO:Ridge Classifier Imported succesfully
2021-07-07 16:06:15,826:INFO:Starting cross validation
2021-07-07 16:06:15,827:INFO:Cross validating with StratifiedKFold(n_splits=10, random_state=1787, shuffle=False), n_jobs=-1
2021-07-07 16:06:16,351:INFO:Calculating mean and std
2021-07-07 16:06:16,352:INFO:Creating metrics dataframe
2021-07-07 16:06:16,356:INFO:Uploading results into container
2021-07-07 16:06:16,356:INFO:Uploading model into container now
2021-07-07 16:06:16,356:INFO:create_model_container: 6
2021-07-07 16:06:16,356:INFO:master_model_container: 6
2021-07-07 16:06:16,356:INFO:display_container: 2
2021-07-07 16:06:16,357:INFO:RidgeClassifier(alpha=1.0, class_weight=None, copy_X=True, fit_intercept=True,
                max_iter=None, normalize=False, random_state=1787,
                solver='auto', tol=0.001)
2021-07-07 16:06:16,357:INFO:create_model() succesfully completed......................................
2021-07-07 16:06:16,492:INFO:SubProcess create_model() end ==================================
2021-07-07 16:06:16,492:INFO:Creating metrics dataframe
2021-07-07 16:06:16,526:INFO:Initializing Random Forest Classifier
2021-07-07 16:06:16,526:INFO:Total runtime is 0.43235498666763306 minutes
2021-07-07 16:06:16,527:INFO:SubProcess create_model() called ==================================
2021-07-07 16:06:16,527:INFO:Initializing create_model()
2021-07-07 16:06:16,527:INFO:create_model(estimator=rf, fold=StratifiedKFold(n_splits=10, random_state=1787, shuffle=False), round=4, cross_validation=True, predict=True, fit_kwargs={}, groups=None, refit=False, verbose=False, system=False, metrics=None, display=<pycaret.internal.Display.Display object at 0x0000025D7CFF0580>, kwargs={})
2021-07-07 16:06:16,528:INFO:Checking exceptions
2021-07-07 16:06:16,528:INFO:Importing libraries
2021-07-07 16:06:16,530:INFO:Copying training dataset
2021-07-07 16:06:16,532:INFO:Defining folds
2021-07-07 16:06:16,532:INFO:Declaring metric variables
2021-07-07 16:06:16,532:INFO:Importing untrained model
2021-07-07 16:06:16,533:INFO:Random Forest Classifier Imported succesfully
2021-07-07 16:06:16,533:INFO:Starting cross validation
2021-07-07 16:06:16,534:INFO:Cross validating with StratifiedKFold(n_splits=10, random_state=1787, shuffle=False), n_jobs=-1
2021-07-07 16:06:18,836:INFO:Calculating mean and std
2021-07-07 16:06:18,837:INFO:Creating metrics dataframe
2021-07-07 16:06:18,841:INFO:Uploading results into container
2021-07-07 16:06:18,841:INFO:Uploading model into container now
2021-07-07 16:06:18,841:INFO:create_model_container: 7
2021-07-07 16:06:18,841:INFO:master_model_container: 7
2021-07-07 16:06:18,841:INFO:display_container: 2
2021-07-07 16:06:18,841:INFO:RandomForestClassifier(bootstrap=True, ccp_alpha=0.0, class_weight=None,
                       criterion='gini', max_depth=None, max_features='auto',
                       max_leaf_nodes=None, max_samples=None,
                       min_impurity_decrease=0.0, min_impurity_split=None,
                       min_samples_leaf=1, min_samples_split=2,
                       min_weight_fraction_leaf=0.0, n_estimators=100,
                       n_jobs=-1, oob_score=False, random_state=1787, verbose=0,
                       warm_start=False)
2021-07-07 16:06:18,841:INFO:create_model() succesfully completed......................................
2021-07-07 16:06:18,991:INFO:SubProcess create_model() end ==================================
2021-07-07 16:06:18,991:INFO:Creating metrics dataframe
2021-07-07 16:06:19,022:INFO:Initializing Quadratic Discriminant Analysis
2021-07-07 16:06:19,022:INFO:Total runtime is 0.47394811709721885 minutes
2021-07-07 16:06:19,022:INFO:SubProcess create_model() called ==================================
2021-07-07 16:06:19,023:INFO:Initializing create_model()
2021-07-07 16:06:19,023:INFO:create_model(estimator=qda, fold=StratifiedKFold(n_splits=10, random_state=1787, shuffle=False), round=4, cross_validation=True, predict=True, fit_kwargs={}, groups=None, refit=False, verbose=False, system=False, metrics=None, display=<pycaret.internal.Display.Display object at 0x0000025D7CFF0580>, kwargs={})
2021-07-07 16:06:19,023:INFO:Checking exceptions
2021-07-07 16:06:19,023:INFO:Importing libraries
2021-07-07 16:06:19,023:INFO:Copying training dataset
2021-07-07 16:06:19,024:INFO:Defining folds
2021-07-07 16:06:19,024:INFO:Declaring metric variables
2021-07-07 16:06:19,024:INFO:Importing untrained model
2021-07-07 16:06:19,025:INFO:Quadratic Discriminant Analysis Imported succesfully
2021-07-07 16:06:19,025:INFO:Starting cross validation
2021-07-07 16:06:19,026:INFO:Cross validating with StratifiedKFold(n_splits=10, random_state=1787, shuffle=False), n_jobs=-1
2021-07-07 16:06:19,226:INFO:Calculating mean and std
2021-07-07 16:06:19,227:INFO:Creating metrics dataframe
2021-07-07 16:06:19,238:INFO:Uploading results into container
2021-07-07 16:06:19,238:INFO:Uploading model into container now
2021-07-07 16:06:19,238:INFO:create_model_container: 8
2021-07-07 16:06:19,238:INFO:master_model_container: 8
2021-07-07 16:06:19,238:INFO:display_container: 2
2021-07-07 16:06:19,239:INFO:QuadraticDiscriminantAnalysis(priors=None, reg_param=0.0,
                              store_covariance=False, tol=0.0001)
2021-07-07 16:06:19,239:INFO:create_model() succesfully completed......................................
2021-07-07 16:06:19,393:INFO:SubProcess create_model() end ==================================
2021-07-07 16:06:19,393:INFO:Creating metrics dataframe
2021-07-07 16:06:19,418:INFO:Initializing Ada Boost Classifier
2021-07-07 16:06:19,418:INFO:Total runtime is 0.4805475354194641 minutes
2021-07-07 16:06:19,419:INFO:SubProcess create_model() called ==================================
2021-07-07 16:06:19,419:INFO:Initializing create_model()
2021-07-07 16:06:19,419:INFO:create_model(estimator=ada, fold=StratifiedKFold(n_splits=10, random_state=1787, shuffle=False), round=4, cross_validation=True, predict=True, fit_kwargs={}, groups=None, refit=False, verbose=False, system=False, metrics=None, display=<pycaret.internal.Display.Display object at 0x0000025D7CFF0580>, kwargs={})
2021-07-07 16:06:19,419:INFO:Checking exceptions
2021-07-07 16:06:19,419:INFO:Importing libraries
2021-07-07 16:06:19,419:INFO:Copying training dataset
2021-07-07 16:06:19,420:INFO:Defining folds
2021-07-07 16:06:19,420:INFO:Declaring metric variables
2021-07-07 16:06:19,420:INFO:Importing untrained model
2021-07-07 16:06:19,421:INFO:Ada Boost Classifier Imported succesfully
2021-07-07 16:06:19,421:INFO:Starting cross validation
2021-07-07 16:06:19,421:INFO:Cross validating with StratifiedKFold(n_splits=10, random_state=1787, shuffle=False), n_jobs=-1
2021-07-07 16:06:20,140:INFO:Calculating mean and std
2021-07-07 16:06:20,140:INFO:Creating metrics dataframe
2021-07-07 16:06:20,149:INFO:Uploading results into container
2021-07-07 16:06:20,149:INFO:Uploading model into container now
2021-07-07 16:06:20,149:INFO:create_model_container: 9
2021-07-07 16:06:20,149:INFO:master_model_container: 9
2021-07-07 16:06:20,149:INFO:display_container: 2
2021-07-07 16:06:20,150:INFO:AdaBoostClassifier(algorithm='SAMME.R', base_estimator=None, learning_rate=1.0,
                   n_estimators=50, random_state=1787)
2021-07-07 16:06:20,150:INFO:create_model() succesfully completed......................................
2021-07-07 16:06:20,282:INFO:SubProcess create_model() end ==================================
2021-07-07 16:06:20,282:INFO:Creating metrics dataframe
2021-07-07 16:06:20,315:INFO:Initializing Gradient Boosting Classifier
2021-07-07 16:06:20,316:INFO:Total runtime is 0.49551365375518797 minutes
2021-07-07 16:06:20,316:INFO:SubProcess create_model() called ==================================
2021-07-07 16:06:20,317:INFO:Initializing create_model()
2021-07-07 16:06:20,317:INFO:create_model(estimator=gbc, fold=StratifiedKFold(n_splits=10, random_state=1787, shuffle=False), round=4, cross_validation=True, predict=True, fit_kwargs={}, groups=None, refit=False, verbose=False, system=False, metrics=None, display=<pycaret.internal.Display.Display object at 0x0000025D7CFF0580>, kwargs={})
2021-07-07 16:06:20,317:INFO:Checking exceptions
2021-07-07 16:06:20,317:INFO:Importing libraries
2021-07-07 16:06:20,317:INFO:Copying training dataset
2021-07-07 16:06:20,318:INFO:Defining folds
2021-07-07 16:06:20,318:INFO:Declaring metric variables
2021-07-07 16:06:20,318:INFO:Importing untrained model
2021-07-07 16:06:20,319:INFO:Gradient Boosting Classifier Imported succesfully
2021-07-07 16:06:20,319:INFO:Starting cross validation
2021-07-07 16:06:20,319:INFO:Cross validating with StratifiedKFold(n_splits=10, random_state=1787, shuffle=False), n_jobs=-1
2021-07-07 16:06:24,222:INFO:Calculating mean and std
2021-07-07 16:06:24,228:INFO:Creating metrics dataframe
2021-07-07 16:06:24,243:INFO:Uploading results into container
2021-07-07 16:06:24,243:INFO:Uploading model into container now
2021-07-07 16:06:24,245:INFO:create_model_container: 10
2021-07-07 16:06:24,245:INFO:master_model_container: 10
2021-07-07 16:06:24,245:INFO:display_container: 2
2021-07-07 16:06:24,246:INFO:GradientBoostingClassifier(ccp_alpha=0.0, criterion='friedman_mse', init=None,
                           learning_rate=0.1, loss='deviance', max_depth=3,
                           max_features=None, max_leaf_nodes=None,
                           min_impurity_decrease=0.0, min_impurity_split=None,
                           min_samples_leaf=1, min_samples_split=2,
                           min_weight_fraction_leaf=0.0, n_estimators=100,
                           n_iter_no_change=None, presort='deprecated',
                           random_state=1787, subsample=1.0, tol=0.0001,
                           validation_fraction=0.1, verbose=0,
                           warm_start=False)
2021-07-07 16:06:24,246:INFO:create_model() succesfully completed......................................
2021-07-07 16:06:24,452:INFO:SubProcess create_model() end ==================================
2021-07-07 16:06:24,452:INFO:Creating metrics dataframe
2021-07-07 16:06:24,497:INFO:Initializing Linear Discriminant Analysis
2021-07-07 16:06:24,497:INFO:Total runtime is 0.5652058998743693 minutes
2021-07-07 16:06:24,497:INFO:SubProcess create_model() called ==================================
2021-07-07 16:06:24,498:INFO:Initializing create_model()
2021-07-07 16:06:24,498:INFO:create_model(estimator=lda, fold=StratifiedKFold(n_splits=10, random_state=1787, shuffle=False), round=4, cross_validation=True, predict=True, fit_kwargs={}, groups=None, refit=False, verbose=False, system=False, metrics=None, display=<pycaret.internal.Display.Display object at 0x0000025D7CFF0580>, kwargs={})
2021-07-07 16:06:24,498:INFO:Checking exceptions
2021-07-07 16:06:24,498:INFO:Importing libraries
2021-07-07 16:06:24,498:INFO:Copying training dataset
2021-07-07 16:06:24,499:INFO:Defining folds
2021-07-07 16:06:24,499:INFO:Declaring metric variables
2021-07-07 16:06:24,500:INFO:Importing untrained model
2021-07-07 16:06:24,500:INFO:Linear Discriminant Analysis Imported succesfully
2021-07-07 16:06:24,501:INFO:Starting cross validation
2021-07-07 16:06:24,503:INFO:Cross validating with StratifiedKFold(n_splits=10, random_state=1787, shuffle=False), n_jobs=-1
2021-07-07 16:06:25,200:INFO:Calculating mean and std
2021-07-07 16:06:25,201:INFO:Creating metrics dataframe
2021-07-07 16:06:25,205:INFO:Uploading results into container
2021-07-07 16:06:25,205:INFO:Uploading model into container now
2021-07-07 16:06:25,205:INFO:create_model_container: 11
2021-07-07 16:06:25,205:INFO:master_model_container: 11
2021-07-07 16:06:25,205:INFO:display_container: 2
2021-07-07 16:06:25,206:INFO:LinearDiscriminantAnalysis(n_components=None, priors=None, shrinkage=None,
                           solver='svd', store_covariance=False, tol=0.0001)
2021-07-07 16:06:25,206:INFO:create_model() succesfully completed......................................
2021-07-07 16:06:25,396:INFO:SubProcess create_model() end ==================================
2021-07-07 16:06:25,396:INFO:Creating metrics dataframe
2021-07-07 16:06:25,426:INFO:Initializing Extra Trees Classifier
2021-07-07 16:06:25,426:INFO:Total runtime is 0.5806808233261108 minutes
2021-07-07 16:06:25,426:INFO:SubProcess create_model() called ==================================
2021-07-07 16:06:25,427:INFO:Initializing create_model()
2021-07-07 16:06:25,427:INFO:create_model(estimator=et, fold=StratifiedKFold(n_splits=10, random_state=1787, shuffle=False), round=4, cross_validation=True, predict=True, fit_kwargs={}, groups=None, refit=False, verbose=False, system=False, metrics=None, display=<pycaret.internal.Display.Display object at 0x0000025D7CFF0580>, kwargs={})
2021-07-07 16:06:25,428:INFO:Checking exceptions
2021-07-07 16:06:25,428:INFO:Importing libraries
2021-07-07 16:06:25,428:INFO:Copying training dataset
2021-07-07 16:06:25,429:INFO:Defining folds
2021-07-07 16:06:25,430:INFO:Declaring metric variables
2021-07-07 16:06:25,430:INFO:Importing untrained model
2021-07-07 16:06:25,430:INFO:Extra Trees Classifier Imported succesfully
2021-07-07 16:06:25,430:INFO:Starting cross validation
2021-07-07 16:06:25,431:INFO:Cross validating with StratifiedKFold(n_splits=10, random_state=1787, shuffle=False), n_jobs=-1
2021-07-07 16:06:27,266:INFO:Calculating mean and std
2021-07-07 16:06:27,268:INFO:Creating metrics dataframe
2021-07-07 16:06:27,272:INFO:Uploading results into container
2021-07-07 16:06:27,273:INFO:Uploading model into container now
2021-07-07 16:06:27,273:INFO:create_model_container: 12
2021-07-07 16:06:27,311:INFO:master_model_container: 12
2021-07-07 16:06:27,312:INFO:display_container: 2
2021-07-07 16:06:27,314:INFO:ExtraTreesClassifier(bootstrap=False, ccp_alpha=0.0, class_weight=None,
                     criterion='gini', max_depth=None, max_features='auto',
                     max_leaf_nodes=None, max_samples=None,
                     min_impurity_decrease=0.0, min_impurity_split=None,
                     min_samples_leaf=1, min_samples_split=2,
                     min_weight_fraction_leaf=0.0, n_estimators=100, n_jobs=-1,
                     oob_score=False, random_state=1787, verbose=0,
                     warm_start=False)
2021-07-07 16:06:27,314:INFO:create_model() succesfully completed......................................
2021-07-07 16:06:27,436:INFO:SubProcess create_model() end ==================================
2021-07-07 16:06:27,436:INFO:Creating metrics dataframe
2021-07-07 16:06:27,462:INFO:Initializing Extreme Gradient Boosting
2021-07-07 16:06:27,462:INFO:Total runtime is 0.6146147767702739 minutes
2021-07-07 16:06:27,464:INFO:SubProcess create_model() called ==================================
2021-07-07 16:06:27,464:INFO:Initializing create_model()
2021-07-07 16:06:27,464:INFO:create_model(estimator=xgboost, fold=StratifiedKFold(n_splits=10, random_state=1787, shuffle=False), round=4, cross_validation=True, predict=True, fit_kwargs={}, groups=None, refit=False, verbose=False, system=False, metrics=None, display=<pycaret.internal.Display.Display object at 0x0000025D7CFF0580>, kwargs={})
2021-07-07 16:06:27,465:INFO:Checking exceptions
2021-07-07 16:06:27,465:INFO:Importing libraries
2021-07-07 16:06:27,465:INFO:Copying training dataset
2021-07-07 16:06:27,465:INFO:Defining folds
2021-07-07 16:06:27,466:INFO:Declaring metric variables
2021-07-07 16:06:27,466:INFO:Importing untrained model
2021-07-07 16:06:27,466:INFO:Extreme Gradient Boosting Imported succesfully
2021-07-07 16:06:27,467:INFO:Starting cross validation
2021-07-07 16:06:27,470:INFO:Cross validating with StratifiedKFold(n_splits=10, random_state=1787, shuffle=False), n_jobs=-1
2021-07-07 16:06:36,965:INFO:Calculating mean and std
2021-07-07 16:06:36,966:INFO:Creating metrics dataframe
2021-07-07 16:06:36,978:INFO:Uploading results into container
2021-07-07 16:06:36,978:INFO:Uploading model into container now
2021-07-07 16:06:36,978:INFO:create_model_container: 13
2021-07-07 16:06:36,979:INFO:master_model_container: 13
2021-07-07 16:06:36,979:INFO:display_container: 2
2021-07-07 16:06:36,981:INFO:XGBClassifier(base_score=None, booster='gbtree', colsample_bylevel=None,
              colsample_bynode=None, colsample_bytree=None, gamma=None,
              gpu_id=None, importance_type='gain', interaction_constraints=None,
              learning_rate=None, max_delta_step=None, max_depth=None,
              min_child_weight=None, missing=nan, monotone_constraints=None,
              n_estimators=100, n_jobs=-1, num_parallel_tree=None,
              objective='binary:logistic', random_state=1787, reg_alpha=None,
              reg_lambda=None, scale_pos_weight=None, subsample=None,
              tree_method='auto', use_label_encoder=True,
              validate_parameters=None, verbosity=0)
2021-07-07 16:06:36,981:INFO:create_model() succesfully completed......................................
2021-07-07 16:06:37,151:INFO:SubProcess create_model() end ==================================
2021-07-07 16:06:37,151:INFO:Creating metrics dataframe
2021-07-07 16:06:37,181:INFO:Initializing Light Gradient Boosting Machine
2021-07-07 16:06:37,181:INFO:Total runtime is 0.7766018152236939 minutes
2021-07-07 16:06:37,181:INFO:SubProcess create_model() called ==================================
2021-07-07 16:06:37,181:INFO:Initializing create_model()
2021-07-07 16:06:37,181:INFO:create_model(estimator=lightgbm, fold=StratifiedKFold(n_splits=10, random_state=1787, shuffle=False), round=4, cross_validation=True, predict=True, fit_kwargs={}, groups=None, refit=False, verbose=False, system=False, metrics=None, display=<pycaret.internal.Display.Display object at 0x0000025D7CFF0580>, kwargs={})
2021-07-07 16:06:37,181:INFO:Checking exceptions
2021-07-07 16:06:37,181:INFO:Importing libraries
2021-07-07 16:06:37,181:INFO:Copying training dataset
2021-07-07 16:06:37,182:INFO:Defining folds
2021-07-07 16:06:37,182:INFO:Declaring metric variables
2021-07-07 16:06:37,182:INFO:Importing untrained model
2021-07-07 16:06:37,183:INFO:Light Gradient Boosting Machine Imported succesfully
2021-07-07 16:06:37,184:INFO:Starting cross validation
2021-07-07 16:06:37,184:INFO:Cross validating with StratifiedKFold(n_splits=10, random_state=1787, shuffle=False), n_jobs=-1
2021-07-07 16:06:48,085:INFO:Calculating mean and std
2021-07-07 16:06:48,085:INFO:Creating metrics dataframe
2021-07-07 16:06:48,092:INFO:Uploading results into container
2021-07-07 16:06:48,092:INFO:Uploading model into container now
2021-07-07 16:06:48,092:INFO:create_model_container: 14
2021-07-07 16:06:48,092:INFO:master_model_container: 14
2021-07-07 16:06:48,092:INFO:display_container: 2
2021-07-07 16:06:48,093:INFO:LGBMClassifier(boosting_type='gbdt', class_weight=None, colsample_bytree=1.0,
               importance_type='split', learning_rate=0.1, max_depth=-1,
               min_child_samples=20, min_child_weight=0.001, min_split_gain=0.0,
               n_estimators=100, n_jobs=-1, num_leaves=31, objective=None,
               random_state=1787, reg_alpha=0.0, reg_lambda=0.0, silent=True,
               subsample=1.0, subsample_for_bin=200000, subsample_freq=0)
2021-07-07 16:06:48,093:INFO:create_model() succesfully completed......................................
2021-07-07 16:06:48,239:INFO:SubProcess create_model() end ==================================
2021-07-07 16:06:48,239:INFO:Creating metrics dataframe
2021-07-07 16:06:48,274:INFO:Initializing CatBoost Classifier
2021-07-07 16:06:48,275:INFO:Total runtime is 0.9614981214205425 minutes
2021-07-07 16:06:48,275:INFO:SubProcess create_model() called ==================================
2021-07-07 16:06:48,275:INFO:Initializing create_model()
2021-07-07 16:06:48,275:INFO:create_model(estimator=catboost, fold=StratifiedKFold(n_splits=10, random_state=1787, shuffle=False), round=4, cross_validation=True, predict=True, fit_kwargs={}, groups=None, refit=False, verbose=False, system=False, metrics=None, display=<pycaret.internal.Display.Display object at 0x0000025D7CFF0580>, kwargs={})
2021-07-07 16:06:48,276:INFO:Checking exceptions
2021-07-07 16:06:48,276:INFO:Importing libraries
2021-07-07 16:06:48,276:INFO:Copying training dataset
2021-07-07 16:06:48,276:INFO:Defining folds
2021-07-07 16:06:48,276:INFO:Declaring metric variables
2021-07-07 16:06:48,277:INFO:Importing untrained model
2021-07-07 16:06:48,277:INFO:CatBoost Classifier Imported succesfully
2021-07-07 16:06:48,277:INFO:Starting cross validation
2021-07-07 16:06:48,333:INFO:Cross validating with StratifiedKFold(n_splits=10, random_state=1787, shuffle=False), n_jobs=-1
2021-07-07 16:06:56,970:INFO:Calculating mean and std
2021-07-07 16:06:56,971:INFO:Creating metrics dataframe
2021-07-07 16:06:56,975:INFO:Uploading results into container
2021-07-07 16:06:56,975:INFO:Uploading model into container now
2021-07-07 16:06:56,976:INFO:create_model_container: 15
2021-07-07 16:06:56,976:INFO:master_model_container: 15
2021-07-07 16:06:56,976:INFO:display_container: 2
2021-07-07 16:06:56,976:INFO:<catboost.core.CatBoostClassifier object at 0x0000025D14830BB0>
2021-07-07 16:06:56,976:INFO:create_model() succesfully completed......................................
2021-07-07 16:06:57,153:WARNING:create_model() for <catboost.core.CatBoostClassifier object at 0x0000025D14830BB0> raised an exception or returned all 0.0, trying without fit_kwargs:
2021-07-07 16:06:57,163:WARNING:Traceback (most recent call last):
  File "E:\Coding\Anaconda\lib\site-packages\pycaret\internal\tabular.py", line 2154, in compare_models
    assert np.sum(model_results.iloc[0]) != 0.0
AssertionError

2021-07-07 16:06:57,165:INFO:Initializing create_model()
2021-07-07 16:06:57,165:INFO:create_model(estimator=<catboost.core.CatBoostClassifier object at 0x0000025D14830BB0>, fold=StratifiedKFold(n_splits=10, random_state=1787, shuffle=False), round=4, cross_validation=True, predict=True, fit_kwargs=None, groups=None, refit=False, verbose=False, system=False, metrics=None, display=<pycaret.internal.Display.Display object at 0x0000025D7CFF0580>, kwargs={})
2021-07-07 16:06:57,166:INFO:Checking exceptions
2021-07-07 16:06:57,166:INFO:Importing libraries
2021-07-07 16:06:57,166:INFO:Copying training dataset
2021-07-07 16:06:57,168:INFO:Defining folds
2021-07-07 16:06:57,168:INFO:Declaring metric variables
2021-07-07 16:06:57,168:INFO:Importing untrained model
2021-07-07 16:06:57,168:INFO:Declaring custom model
2021-07-07 16:06:57,169:INFO:CatBoost Classifier Imported succesfully
2021-07-07 16:06:57,169:INFO:Starting cross validation
2021-07-07 16:06:57,172:INFO:Cross validating with StratifiedKFold(n_splits=10, random_state=1787, shuffle=False), n_jobs=-1
2021-07-07 16:07:13,149:INFO:Calculating mean and std
2021-07-07 16:07:13,150:INFO:Creating metrics dataframe
2021-07-07 16:07:13,161:INFO:Uploading results into container
2021-07-07 16:07:13,161:INFO:Uploading model into container now
2021-07-07 16:07:13,161:INFO:create_model_container: 16
2021-07-07 16:07:13,161:INFO:master_model_container: 16
2021-07-07 16:07:13,161:INFO:display_container: 2
2021-07-07 16:07:13,161:INFO:<catboost.core.CatBoostClassifier object at 0x0000025D1485F130>
2021-07-07 16:07:13,161:INFO:create_model() succesfully completed......................................
2021-07-07 16:07:13,303:INFO:SubProcess create_model() end ==================================
2021-07-07 16:07:13,304:INFO:Creating metrics dataframe
2021-07-07 16:07:13,342:INFO:Initializing create_model()
2021-07-07 16:07:13,342:INFO:create_model(estimator=LogisticRegression(C=1.0, class_weight=None, dual=False, fit_intercept=True,
                   intercept_scaling=1, l1_ratio=None, max_iter=1000,
                   multi_class='auto', n_jobs=None, penalty='l2',
                   random_state=1787, solver='lbfgs', tol=0.0001, verbose=0,
                   warm_start=False), fold=StratifiedKFold(n_splits=10, random_state=1787, shuffle=False), round=4, cross_validation=False, predict=False, fit_kwargs={}, groups=None, refit=True, verbose=False, system=False, metrics=None, display=None, kwargs={})
2021-07-07 16:07:13,343:INFO:Checking exceptions
2021-07-07 16:07:13,343:INFO:Importing libraries
2021-07-07 16:07:13,344:INFO:Copying training dataset
2021-07-07 16:07:13,344:INFO:Defining folds
2021-07-07 16:07:13,345:INFO:Declaring metric variables
2021-07-07 16:07:13,345:INFO:Importing untrained model
2021-07-07 16:07:13,345:INFO:Declaring custom model
2021-07-07 16:07:13,346:INFO:Logistic Regression Imported succesfully
2021-07-07 16:07:13,348:INFO:Cross validation set to False
2021-07-07 16:07:13,348:INFO:Fitting Model
2021-07-07 16:07:14,333:INFO:LogisticRegression(C=1.0, class_weight=None, dual=False, fit_intercept=True,
                   intercept_scaling=1, l1_ratio=None, max_iter=1000,
                   multi_class='auto', n_jobs=None, penalty='l2',
                   random_state=1787, solver='lbfgs', tol=0.0001, verbose=0,
                   warm_start=False)
2021-07-07 16:07:14,334:INFO:create_models() succesfully completed......................................
2021-07-07 16:07:14,530:INFO:create_model_container: 16
2021-07-07 16:07:14,530:INFO:master_model_container: 16
2021-07-07 16:07:14,530:INFO:display_container: 2
2021-07-07 16:07:14,531:INFO:LogisticRegression(C=1.0, class_weight=None, dual=False, fit_intercept=True,
                   intercept_scaling=1, l1_ratio=None, max_iter=1000,
                   multi_class='auto', n_jobs=None, penalty='l2',
                   random_state=1787, solver='lbfgs', tol=0.0001, verbose=0,
                   warm_start=False)
2021-07-07 16:07:14,531:INFO:compare_models() succesfully completed......................................
2021-07-07 16:07:14,772:INFO:Initializing tune_model()
2021-07-07 16:07:14,772:INFO:tune_model(estimator=DecisionTreeClassifier(ccp_alpha=0.0, class_weight=None, criterion='gini',
                       max_depth=None, max_features=None, max_leaf_nodes=None,
                       min_impurity_decrease=0.0, min_impurity_split=None,
                       min_samples_leaf=1, min_samples_split=2,
                       min_weight_fraction_leaf=0.0, presort='deprecated',
                       random_state=0, splitter='best'), fold=None, round=4, n_iter=1000, custom_grid=None, optimize=Accuracy, custom_scorer=None, search_library=scikit-learn, search_algorithm=None, early_stopping=False, early_stopping_max_iters=10, choose_better=True, fit_kwargs=None, groups=None, return_tuner=False, verbose=True, tuner_verbose=True, display=None, kwargs={})
2021-07-07 16:07:14,773:INFO:Checking exceptions
2021-07-07 16:07:14,775:INFO:Preparing display monitor
2021-07-07 16:07:14,780:INFO:Copying training dataset
2021-07-07 16:07:14,780:INFO:Checking base model
2021-07-07 16:07:14,781:INFO:Base model : Decision Tree Classifier
2021-07-07 16:07:14,781:INFO:Declaring metric variables
2021-07-07 16:07:14,781:INFO:Defining Hyperparameters
2021-07-07 16:07:14,894:INFO:Tuning with n_jobs=-1
2021-07-07 16:07:14,894:INFO:Initializing RandomizedSearchCV
2021-07-07 16:07:53,366:INFO:best_params: {'actual_estimator__min_samples_split': 7, 'actual_estimator__min_samples_leaf': 4, 'actual_estimator__min_impurity_decrease': 0.0005, 'actual_estimator__max_features': 1.0, 'actual_estimator__max_depth': 15, 'actual_estimator__criterion': 'entropy'}
2021-07-07 16:07:53,366:INFO:Random search completed
2021-07-07 16:07:53,366:INFO:SubProcess create_model() called ==================================
2021-07-07 16:07:53,367:INFO:Initializing create_model()
2021-07-07 16:07:53,367:INFO:create_model(estimator=DecisionTreeClassifier(ccp_alpha=0.0, class_weight=None, criterion='gini',
                       max_depth=None, max_features=None, max_leaf_nodes=None,
                       min_impurity_decrease=0.0, min_impurity_split=None,
                       min_samples_leaf=1, min_samples_split=2,
                       min_weight_fraction_leaf=0.0, presort='deprecated',
                       random_state=0, splitter='best'), fold=StratifiedKFold(n_splits=10, random_state=1787, shuffle=False), round=4, cross_validation=True, predict=True, fit_kwargs={}, groups=None, refit=True, verbose=True, system=False, metrics=None, display=<pycaret.internal.Display.Display object at 0x0000025D7B3AB460>, kwargs={'min_samples_split': 7, 'min_samples_leaf': 4, 'min_impurity_decrease': 0.0005, 'max_features': 1.0, 'max_depth': 15, 'criterion': 'entropy'})
2021-07-07 16:07:53,367:INFO:Checking exceptions
2021-07-07 16:07:53,367:INFO:Importing libraries
2021-07-07 16:07:53,367:INFO:Copying training dataset
2021-07-07 16:07:53,368:INFO:Defining folds
2021-07-07 16:07:53,370:INFO:Declaring metric variables
2021-07-07 16:07:53,371:INFO:Importing untrained model
2021-07-07 16:07:53,371:INFO:Declaring custom model
2021-07-07 16:07:53,374:INFO:Decision Tree Classifier Imported succesfully
2021-07-07 16:07:53,375:INFO:Starting cross validation
2021-07-07 16:07:53,376:INFO:Cross validating with StratifiedKFold(n_splits=10, random_state=1787, shuffle=False), n_jobs=-1
2021-07-07 16:07:53,558:INFO:Calculating mean and std
2021-07-07 16:07:53,558:INFO:Creating metrics dataframe
2021-07-07 16:07:53,563:INFO:Finalizing model
2021-07-07 16:07:53,574:INFO:Uploading results into container
2021-07-07 16:07:53,574:INFO:Uploading model into container now
2021-07-07 16:07:53,574:INFO:create_model_container: 17
2021-07-07 16:07:53,574:INFO:master_model_container: 17
2021-07-07 16:07:53,574:INFO:display_container: 3
2021-07-07 16:07:53,575:INFO:DecisionTreeClassifier(ccp_alpha=0.0, class_weight=None, criterion='entropy',
                       max_depth=15, max_features=1.0, max_leaf_nodes=None,
                       min_impurity_decrease=0.0005, min_impurity_split=None,
                       min_samples_leaf=4, min_samples_split=7,
                       min_weight_fraction_leaf=0.0, presort='deprecated',
                       random_state=0, splitter='best')
2021-07-07 16:07:53,575:INFO:create_model() succesfully completed......................................
2021-07-07 16:07:53,774:INFO:SubProcess create_model() end ==================================
2021-07-07 16:07:53,774:INFO:choose_better activated
2021-07-07 16:07:53,774:INFO:SubProcess create_model() called ==================================
2021-07-07 16:07:53,775:INFO:Initializing create_model()
2021-07-07 16:07:53,776:INFO:create_model(estimator=DecisionTreeClassifier(ccp_alpha=0.0, class_weight=None, criterion='gini',
                       max_depth=None, max_features=None, max_leaf_nodes=None,
                       min_impurity_decrease=0.0, min_impurity_split=None,
                       min_samples_leaf=1, min_samples_split=2,
                       min_weight_fraction_leaf=0.0, presort='deprecated',
                       random_state=0, splitter='best'), fold=StratifiedKFold(n_splits=10, random_state=1787, shuffle=False), round=4, cross_validation=True, predict=True, fit_kwargs={}, groups=None, refit=True, verbose=False, system=False, metrics=None, display=None, kwargs={})
2021-07-07 16:07:53,776:INFO:Checking exceptions
2021-07-07 16:07:53,776:INFO:Importing libraries
2021-07-07 16:07:53,776:INFO:Copying training dataset
2021-07-07 16:07:53,777:INFO:Defining folds
2021-07-07 16:07:53,777:INFO:Declaring metric variables
2021-07-07 16:07:53,777:INFO:Importing untrained model
2021-07-07 16:07:53,777:INFO:Declaring custom model
2021-07-07 16:07:53,779:INFO:Decision Tree Classifier Imported succesfully
2021-07-07 16:07:53,779:INFO:Starting cross validation
2021-07-07 16:07:53,780:INFO:Cross validating with StratifiedKFold(n_splits=10, random_state=1787, shuffle=False), n_jobs=-1
2021-07-07 16:07:53,961:INFO:Calculating mean and std
2021-07-07 16:07:53,961:INFO:Creating metrics dataframe
2021-07-07 16:07:53,967:INFO:Finalizing model
2021-07-07 16:07:53,981:INFO:Uploading results into container
2021-07-07 16:07:53,981:INFO:Uploading model into container now
2021-07-07 16:07:53,981:INFO:create_model_container: 18
2021-07-07 16:07:53,981:INFO:master_model_container: 18
2021-07-07 16:07:53,981:INFO:display_container: 4
2021-07-07 16:07:53,982:INFO:DecisionTreeClassifier(ccp_alpha=0.0, class_weight=None, criterion='gini',
                       max_depth=None, max_features=None, max_leaf_nodes=None,
                       min_impurity_decrease=0.0, min_impurity_split=None,
                       min_samples_leaf=1, min_samples_split=2,
                       min_weight_fraction_leaf=0.0, presort='deprecated',
                       random_state=0, splitter='best')
2021-07-07 16:07:53,982:INFO:create_model() succesfully completed......................................
2021-07-07 16:07:54,144:INFO:SubProcess create_model() end ==================================
2021-07-07 16:07:54,145:INFO:DecisionTreeClassifier(ccp_alpha=0.0, class_weight=None, criterion='gini',
                       max_depth=None, max_features=None, max_leaf_nodes=None,
                       min_impurity_decrease=0.0, min_impurity_split=None,
                       min_samples_leaf=1, min_samples_split=2,
                       min_weight_fraction_leaf=0.0, presort='deprecated',
                       random_state=0, splitter='best') result for Accuracy is 0.7677
2021-07-07 16:07:54,145:INFO:DecisionTreeClassifier(ccp_alpha=0.0, class_weight=None, criterion='entropy',
                       max_depth=15, max_features=1.0, max_leaf_nodes=None,
                       min_impurity_decrease=0.0005, min_impurity_split=None,
                       min_samples_leaf=4, min_samples_split=7,
                       min_weight_fraction_leaf=0.0, presort='deprecated',
                       random_state=0, splitter='best') result for Accuracy is 0.7757
2021-07-07 16:07:54,146:INFO:DecisionTreeClassifier(ccp_alpha=0.0, class_weight=None, criterion='entropy',
                       max_depth=15, max_features=1.0, max_leaf_nodes=None,
                       min_impurity_decrease=0.0005, min_impurity_split=None,
                       min_samples_leaf=4, min_samples_split=7,
                       min_weight_fraction_leaf=0.0, presort='deprecated',
                       random_state=0, splitter='best') is best model
2021-07-07 16:07:54,146:INFO:choose_better completed
2021-07-07 16:07:54,161:INFO:create_model_container: 18
2021-07-07 16:07:54,161:INFO:master_model_container: 18
2021-07-07 16:07:54,161:INFO:display_container: 3
2021-07-07 16:07:54,161:INFO:DecisionTreeClassifier(ccp_alpha=0.0, class_weight=None, criterion='entropy',
                       max_depth=15, max_features=1.0, max_leaf_nodes=None,
                       min_impurity_decrease=0.0005, min_impurity_split=None,
                       min_samples_leaf=4, min_samples_split=7,
                       min_weight_fraction_leaf=0.0, presort='deprecated',
                       random_state=0, splitter='best')
2021-07-07 16:07:54,161:INFO:tune_model() succesfully completed......................................
2021-07-07 16:19:35,248:INFO:Initializing plot_model()
2021-07-07 16:19:35,249:INFO:plot_model(plot=auc, fold=None, use_train_data=False, verbose=True, display=None, estimator=DecisionTreeClassifier(ccp_alpha=0.0, class_weight=None, criterion='entropy',
                       max_depth=15, max_features=1.0, max_leaf_nodes=None,
                       min_impurity_decrease=0.0005, min_impurity_split=None,
                       min_samples_leaf=4, min_samples_split=7,
                       min_weight_fraction_leaf=0.0, presort='deprecated',
                       random_state=0, splitter='best'), feature_name=None, fit_kwargs=None, groups=None, label=False, save=False, scale=1, system=True)
2021-07-07 16:19:35,250:INFO:Checking exceptions
2021-07-07 16:19:35,264:INFO:Preparing display monitor
2021-07-07 16:19:35,265:INFO:Preloading libraries
2021-07-07 16:19:35,295:INFO:Copying training dataset
2021-07-07 16:19:35,296:INFO:Copying test dataset
2021-07-07 16:19:35,297:INFO:Plot type: auc
2021-07-07 16:19:38,561:INFO:Fitting Model
2021-07-07 16:19:38,567:INFO:Scoring test/hold-out set
2021-07-07 16:21:43,770:INFO:Initializing plot_model()
2021-07-07 16:21:43,770:INFO:plot_model(plot=auc, fold=None, use_train_data=False, verbose=True, display=None, estimator=DecisionTreeClassifier(ccp_alpha=0.0, class_weight=None, criterion='entropy',
                       max_depth=15, max_features=1.0, max_leaf_nodes=None,
                       min_impurity_decrease=0.0005, min_impurity_split=None,
                       min_samples_leaf=4, min_samples_split=7,
                       min_weight_fraction_leaf=0.0, presort='deprecated',
                       random_state=0, splitter='best'), feature_name=None, fit_kwargs=None, groups=None, label=False, save=False, scale=1, system=True)
2021-07-07 16:21:43,771:INFO:Checking exceptions
2021-07-07 16:21:43,775:INFO:Preparing display monitor
2021-07-07 16:21:43,776:INFO:Preloading libraries
2021-07-07 16:21:43,777:INFO:Copying training dataset
2021-07-07 16:21:43,778:INFO:Copying test dataset
2021-07-07 16:21:43,781:INFO:Plot type: auc
2021-07-07 16:21:43,785:INFO:Fitting Model
2021-07-07 16:21:43,786:INFO:Scoring test/hold-out set
